Arguments: 
  C:\Program Files\nodejs\node.exe C:\Users\gtordoya\AppData\Roaming\npm\node_modules\yarn\bin\yarn.js add apollo-server graphql axios

PATH: 
  C:\Program Files (x86)\TEC-IT\TBarCode8\Bin;C:\WINDOWS\system32;C:\WINDOWS;C:\WINDOWS\System32\Wbem;C:\WINDOWS\System32\WindowsPowerShell\v1.0\;C:\WINDOWS\System32\OpenSSH\;C:\Program Files\Git\cmd;C:\Program Files\nodejs\;C:\Users\gtordoya\AppData\Local\Microsoft\WindowsApps;C:\Users\gtordoya\AppData\Roaming\npm;C:\Program Files (x86)\GitHub CLI\;C:\Program Files\Git\bin\;C:\Users\gtordoya\AppData\Local\Programs\Microsoft VS Code\bin

Yarn version: 
  1.22.10

Node version: 
  14.16.0

Platform: 
  win32 x64

Trace: 
  SyntaxError: C:\Documents\GitHub-GraphQL\package.json: Unexpected token } in JSON at position 376
      at JSON.parse (<anonymous>)
      at C:\Users\gtordoya\AppData\Roaming\npm\node_modules\yarn\lib\cli.js:1625:59
      at Generator.next (<anonymous>)
      at step (C:\Users\gtordoya\AppData\Roaming\npm\node_modules\yarn\lib\cli.js:310:30)
      at C:\Users\gtordoya\AppData\Roaming\npm\node_modules\yarn\lib\cli.js:321:13

npm manifest: 
  {
    "name": "server",
    "version": "1.0.0",
    "description": "",
    "main": "app.js",
    "scripts": {
      "test": "echo \"Error: no test specified\" && exit 1"
    },
    "author": "Gerardo Tordoya <zherar7ordoya@outlook.com> (https://zherar7ordoya.github.io/)",
    "license": "MIT"
  }

yarn manifest: 
  No manifest

Lockfile: 
  No lockfile
